\BOOKMARK [1][-]{section*.1}{\376\377\000Q\000u\000e\000s\000t\000i\000o\000n\000\040\0001}{}% 1
\BOOKMARK [2][-]{section*.2}{\376\377\0001\000\050\000a\000\051}{section*.1}% 2
\BOOKMARK [3][-]{section*.3}{\376\377\0001\000\050\000b\000\051}{section*.2}% 3
\BOOKMARK [1][-]{section*.4}{\376\377\000Q\000u\000e\000s\000t\000i\000o\000n\000\040\0002}{}% 4
\BOOKMARK [1][-]{section*.5}{\376\377\000Q\000u\000e\000s\000t\000i\000o\000n\000\040\0003}{}% 5
\BOOKMARK [2][-]{section*.6}{\376\377\0003\000\050\000a\000\051}{section*.5}% 6
\BOOKMARK [3][-]{section*.7}{\376\377\0003\000\050\000b\000\051}{section*.6}% 7
\BOOKMARK [3][-]{section*.8}{\376\377\0003\000\050\000c\000\051}{section*.6}% 8
\BOOKMARK [3][-]{section*.9}{\376\377\0003\000\050\000d\000\051}{section*.6}% 9
\BOOKMARK [1][-]{section*.10}{\376\377\000Q\000u\000e\000s\000t\000i\000o\000n\000\040\0004}{}% 10
\BOOKMARK [2][-]{section*.11}{\376\377\0004\000\050\000a\000\051}{section*.10}% 11
\BOOKMARK [3][-]{section*.12}{\376\377\0004\000\050\000b\000\051}{section*.11}% 12
\BOOKMARK [3][-]{section*.13}{\376\377\0004\000\050\000c\000\051}{section*.11}% 13
\BOOKMARK [3][-]{section*.14}{\376\377\0004\000\050\000d\000\051}{section*.11}% 14
\BOOKMARK [3][-]{section*.15}{\376\377\0004\000\050\000e\000\051}{section*.11}% 15
\BOOKMARK [1][-]{section*.16}{\376\377\000Q\000u\000e\000s\000t\000i\000o\000n\000\040\0005}{}% 16
\BOOKMARK [2][-]{section*.17}{\376\377\0005\000\050\000i\000\051}{section*.16}% 17
\BOOKMARK [3][-]{section*.18}{\376\377\0005\000\050\000i\000i\000i\000\051}{section*.17}% 18
\BOOKMARK [3][-]{section*.19}{\376\377\0005\000\050\000i\000v\000\051}{section*.17}% 19
\BOOKMARK [1][-]{section*.20}{\376\377\000Q\000u\000e\000s\000t\000i\000o\000n\000\040\0006}{}% 20
\BOOKMARK [2][-]{section*.21}{\376\377\0006\000\050\000i\000\051}{section*.20}% 21
\BOOKMARK [3][-]{section*.22}{\376\377\0006\000\050\000i\000i\000\051}{section*.21}% 22
\BOOKMARK [3][-]{section*.23}{\376\377\0006\000\050\000i\000i\000i\000\051}{section*.21}% 23
\BOOKMARK [3][-]{section*.24}{\376\377\0006\000\050\000i\000v\000\051}{section*.21}% 24
